
2023/05/20 (18:52:04) | ===> btop++ v.1.2.13
2023/05/20 (18:52:04) | WARNING: No UTF-8 locale detected! Some symbols might not display correctly.

2023/05/20 (23:31:51) | ===> btop++ v.1.2.13
2023/05/20 (23:31:51) | WARNING: No UTF-8 locale detected! Some symbols might not display correctly.
2023/05/20 (23:32:14) | ERROR: Invalid hex value: 89dceb

# Process box color gradient for threads, mem and cpu usage (Sapphire -> Mauve)
theme[process_start]=
2023/05/20 (23:32:16) | ERROR: Invalid hex value: 89dceb

# Process box color gradient for threads, mem and cpu usage (Sapphire -> Mauve)
theme[process_start]=
2023/05/20 (23:32:18) | ERROR: Invalid hex value: 89dceb

# Process box color gradient for threads, mem and cpu usage (Sapphire -> Mauve)
theme[process_start]=
2023/05/20 (23:32:27) | ERROR: Invalid hex value: 89dceb

# Process box color gradient for threads, mem and cpu usage (Sapphire -> Mauve)
theme[process_start]=
2023/05/20 (23:32:27) | ERROR: Invalid hex value: 89dceb

# Process box color gradient for threads, mem and cpu usage (Sapphire -> Mauve)
theme[process_start]=
2023/05/20 (23:32:28) | ERROR: Invalid hex value: 89dceb

# Process box color gradient for threads, mem and cpu usage (Sapphire -> Mauve)
theme[process_start]=
2023/05/20 (23:32:28) | ERROR: Invalid hex value: 89dceb

# Process box color gradient for threads, mem and cpu usage (Sapphire -> Mauve)
theme[process_start]=
2023/05/20 (23:32:29) | ERROR: Invalid hex value: 89dceb

# Process box color gradient for threads, mem and cpu usage (Sapphire -> Mauve)
theme[process_start]=
2023/05/20 (23:32:30) | ERROR: Invalid hex value: 89dceb

# Process box color gradient for threads, mem and cpu usage (Sapphire -> Mauve)
theme[process_start]=

2023/05/21 (00:56:29) | ===> btop++ v.1.2.13
2023/05/21 (00:56:29) | WARNING: No UTF-8 locale detected! Some symbols might not display correctly.
2023/05/21 (00:56:29) | ERROR: Invalid hex value: 89dceb

# Process box color gradient for threads, mem and cpu usage (Sapphire -> Mauve)
theme[process_start]=

2023/05/21 (00:59:12) | ===> btop++ v.1.2.13
2023/05/21 (00:59:12) | WARNING: No UTF-8 locale detected! Some symbols might not display correctly.
2023/05/21 (00:59:12) | ERROR: Invalid hex value: 89dceb

# Process box color gradient for threads, mem and cpu usage (Sapphire -> Mauve)
theme[process_start]=

2023/05/21 (14:40:15) | ===> btop++ v.1.2.13
2023/05/21 (14:40:15) | WARNING: No UTF-8 locale detected! Some symbols might not display correctly.

2023/05/21 (18:19:03) | ===> btop++ v.1.2.13
2023/05/21 (18:19:03) | WARNING: No UTF-8 locale detected! Some symbols might not display correctly.
